<?xml version="1.0" encoding="UTF-8"?>
<!-- Generated by org.testng.reporters.JUnitReportReporter -->
<testsuite hostname="Akash" failures="1" tests="18" name="costcalculationTest.TestClass" time="21.116" errors="0" timestamp="2025-01-29T22:30:43 IST" skipped="0">
  <testcase classname="costcalculationTest.TestClass" name="pagetitle" time="1.603"/>
  <testcase classname="costcalculationTest.TestClass" name="getRates" time="0.484"/>
  <testcase classname="costcalculationTest.TestClass" name="parkinglot" time="0.091"/>
  <testcase classname="costcalculationTest.TestClass" name="valet24hour" time="1.452"/>
  <testcase classname="costcalculationTest.TestClass" name="valet6hour" time="1.426"/>
  <testcase classname="costcalculationTest.TestClass" name="valet5hour" time="1.549"/>
  <testcase classname="costcalculationTest.TestClass" name="valet4hour59min" time="1.393"/>
  <testcase classname="costcalculationTest.TestClass" name="valetTimeblank" time="1.100"/>
  <testcase classname="costcalculationTest.TestClass" name="valetDateblank" time="0.769"/>
  <testcase classname="costcalculationTest.TestClass" name="Economyparkinglot" time="0.083"/>
  <testcase classname="costcalculationTest.TestClass" name="Economy24hour" time="1.601"/>
  <testcase classname="costcalculationTest.TestClass" name="Economy6hour" time="1.476"/>
  <testcase classname="costcalculationTest.TestClass" name="Economy1hour30min" time="1.468"/>
  <testcase classname="costcalculationTest.TestClass" name="Economy4hour59min" time="1.662">
    <failure message="wrong cost displaying expected [true] but found [false]" type="java.lang.AssertionError">
      <![CDATA[java.lang.AssertionError: wrong cost displaying expected [true] but found [false]
at org.testng.Assert.fail(Assert.java:111)
at org.testng.Assert.failNotEquals(Assert.java:1578)
at org.testng.Assert.assertTrue(Assert.java:57)
at costcalculationTest.TestClass.Economy4hour59min(TestClass.java:262)
at java.base/jdk.internal.reflect.DirectMethodHandleAccessor.invoke(DirectMethodHandleAccessor.java:103)
at java.base/java.lang.reflect.Method.invoke(Method.java:580)
at org.testng.internal.invokers.MethodInvocationHelper.invokeMethod(MethodInvocationHelper.java:141)
at org.testng.internal.invokers.TestInvoker.invokeMethod(TestInvoker.java:686)
at org.testng.internal.invokers.TestInvoker.invokeTestMethod(TestInvoker.java:230)
at org.testng.internal.invokers.MethodRunner.runInSequence(MethodRunner.java:63)
at org.testng.internal.invokers.TestInvoker$MethodInvocationAgent.invoke(TestInvoker.java:992)
at org.testng.internal.invokers.TestInvoker.invokeTestMethods(TestInvoker.java:203)
at org.testng.internal.invokers.TestMethodWorker.invokeTestMethods(TestMethodWorker.java:154)
at org.testng.internal.invokers.TestMethodWorker.run(TestMethodWorker.java:134)
at java.base/java.util.ArrayList.forEach(ArrayList.java:1597)
at org.testng.TestRunner.privateRun(TestRunner.java:739)
at org.testng.TestRunner.run(TestRunner.java:614)
at org.testng.SuiteRunner.runTest(SuiteRunner.java:421)
at org.testng.SuiteRunner.runSequentially(SuiteRunner.java:413)
at org.testng.SuiteRunner.privateRun(SuiteRunner.java:373)
at org.testng.SuiteRunner.run(SuiteRunner.java:312)
at org.testng.SuiteRunnerWorker.runSuite(SuiteRunnerWorker.java:52)
at org.testng.SuiteRunnerWorker.run(SuiteRunnerWorker.java:95)
at org.testng.TestNG.runSuitesSequentially(TestNG.java:1274)
at org.testng.TestNG.runSuitesLocally(TestNG.java:1208)
at org.testng.TestNG.runSuites(TestNG.java:1112)
at org.testng.TestNG.run(TestNG.java:1079)
at org.testng.remote.AbstractRemoteTestNG.run(AbstractRemoteTestNG.java:115)
at org.testng.remote.RemoteTestNG.initAndRun(RemoteTestNG.java:293)
at org.testng.remote.RemoteTestNG.main(RemoteTestNG.java:91)
]]>
    </failure>
  </testcase> <!-- Economy4hour59min -->
  <testcase classname="costcalculationTest.TestClass" name="EconomyTimeblank" time="1.176"/>
  <testcase classname="costcalculationTest.TestClass" name="EconomyDateblank" time="0.762"/>
  <testcase classname="costcalculationTest.TestClass" name="Economy20hour" time="1.525"/>
  <testcase classname="costcalculationTest.TestClass" name="Economy7day" time="1.496"/>
</testsuite> <!-- costcalculationTest.TestClass -->
